<?xml version="1.0" encoding="UTF-8"?>
<!-- Generated by org.testng.reporters.JUnitReportReporter -->
<testsuite hostname="AVI-PC" failures="0" tests="1" name="testCases.Cart" time="36.889" errors="0" timestamp="2023-11-28T15:29:08 IST" skipped="0">
  <testcase classname="testCases.Cart" name="addToCart" time="36.889"/>
</testsuite> <!-- testCases.Cart -->
