<?xml version="1.0" encoding="UTF-8"?>
<!-- Generated by org.testng.reporters.JUnitReportReporter -->
<testsuite hostname="AVI-PC" failures="0" tests="1" name="testCases.Search" time="21.029" errors="0" timestamp="2023-11-28T09:24:36 IST" skipped="0">
  <testcase classname="testCases.Search" name="addToCart" time="21.029"/>
</testsuite> <!-- testCases.Search -->
