<?xml version="1.0" encoding="UTF-8"?>
<!-- Generated by org.testng.reporters.JUnitReportReporter -->
<testsuite hostname="AVI-PC" failures="0" tests="1" name="testCases.Register" time="23.667" errors="0" timestamp="2023-11-28T15:12:13 IST" skipped="0">
  <testcase classname="testCases.Register" name="RegisterUser" time="23.667"/>
</testsuite> <!-- testCases.Register -->
